<?xml version="1.0" encoding="UTF-8"?>
<!-- Generated by org.testng.reporters.JUnitReportReporter -->
<testsuite skipped="0" hostname="DESKTOP-4SPQCMA" name="com.jbk.UserTest" tests="1" failures="0" timestamp="2022-04-12T14:41:32 IST" time="0.011" errors="0">
  <testcase name="test05" time="0.011" classname="com.jbk.UserTest"/>
  <system-out/>
</testsuite> <!-- com.jbk.UserTest -->
