<?xml version="1.0" encoding="UTF-8"?>
<!-- Generated by org.testng.reporters.JUnitReportReporter -->
<testsuite skipped="0" hostname="DESKTOP-4SPQCMA" name="com.jbk.trytest" tests="1" failures="0" timestamp="2022-04-01T16:10:01 IST" time="16.045" errors="0">
  <testcase name="classistest" time="16.045" classname="com.jbk.trytest"/>
  <system-out/>
</testsuite> <!-- com.jbk.trytest -->
