<?xml version="1.0" encoding="UTF-8"?>
<!-- Generated by org.testng.reporters.JUnitReportReporter -->
<testsuite skipped="0" hostname="DESKTOP-4SPQCMA" name="com.jbk.Dashboard" tests="2" failures="0" timestamp="2022-03-22T11:30:27 IST" time="0.011" errors="0">
  <testcase name="test03" time="0.010" classname="com.jbk.Dashboard"/>
  <system-out/>
  <testcase name="test04" time="0.001" classname="com.jbk.Dashboard"/>
  <system-out/>
</testsuite> <!-- com.jbk.Dashboard -->
