<?xml version="1.0" encoding="UTF-8"?>
<!-- Generated by org.testng.reporters.JUnitReportReporter -->
<testsuite skipped="0" hostname="DESKTOP-4SPQCMA" name="com.jbk.DemoTest" tests="1" failures="0" timestamp="2022-03-22T11:30:27 IST" time="11.500" errors="0">
  <testcase name="classtest" time="11.500" classname="com.jbk.DemoTest"/>
  <system-out/>
</testsuite> <!-- com.jbk.DemoTest -->
