<?xml version="1.0" encoding="UTF-8"?>
<!-- Generated by org.testng.reporters.JUnitReportReporter -->
<testsuite skipped="0" hostname="DESKTOP-4SPQCMA" name="com.jbk.logginntest" tests="1" failures="0" timestamp="2022-04-01T15:58:17 IST" time="15.432" errors="0">
  <testcase name="classtest" time="15.432" classname="com.jbk.logginntest"/>
  <system-out/>
</testsuite> <!-- com.jbk.logginntest -->
