<?xml version="1.0" encoding="UTF-8"?>
<!-- Generated by org.testng.reporters.JUnitReportReporter -->
<testsuite skipped="0" hostname="DESKTOP-4SPQCMA" name="com.jbk.LoginTest" tests="2" failures="0" timestamp="2022-03-22T11:30:27 IST" time="0.005" errors="0">
  <testcase name="test02" time="0.002" classname="com.jbk.LoginTest"/>
  <system-out/>
  <testcase name="test01" time="0.003" classname="com.jbk.LoginTest"/>
  <system-out/>
</testsuite> <!-- com.jbk.LoginTest -->
