<?xml version="1.0" encoding="UTF-8"?>
<!-- Generated by org.testng.reporters.JUnitReportReporter -->
<testsuite skipped="0" hostname="DESKTOP-4SPQCMA" name="com.jbk.DemoTest" tests="1" failures="0" timestamp="2022-04-12T14:41:32 IST" time="18.552" errors="0">
  <testcase name="classtest" time="18.552" classname="com.jbk.DemoTest"/>
  <system-out/>
</testsuite> <!-- com.jbk.DemoTest -->
